2017-12-15 14:09:52 [scrapy.core.scraper] ERROR: Spider error processing <GET https://buy.yungching.com.tw/region/%E5%98%89%E7%BE%A9%E5%B8%82_c/?pg=2> (referer: https://buy.yungching.com.tw/region/%E5%98%89%E7%BE%A9%E5%B8%82_c/?pg=1)
Traceback (most recent call last):
  File "/Users/ylchen/.virtualenvs/sugar-apple/lib/python3.5/site-packages/scrapy/utils/defer.py", line 102, in iter_errback
    yield next(it)
  File "/Users/ylchen/.virtualenvs/sugar-apple/lib/python3.5/site-packages/scrapy/spidermiddlewares/offsite.py", line 29, in process_spider_output
    for x in result:
  File "/Users/ylchen/.virtualenvs/sugar-apple/lib/python3.5/site-packages/scrapy/spidermiddlewares/referer.py", line 339, in <genexpr>
    return (_set_referer(r) for r in result or ())
  File "/Users/ylchen/.virtualenvs/sugar-apple/lib/python3.5/site-packages/scrapy/spidermiddlewares/urllength.py", line 37, in <genexpr>
    return (r for r in result or () if _filter(r))
  File "/Users/ylchen/.virtualenvs/sugar-apple/lib/python3.5/site-packages/scrapy/spidermiddlewares/depth.py", line 58, in <genexpr>
    return (r for r in result or () if _filter(r))
  File "/Users/ylchen/workspace/projects/github/sugar-apple/apple/app/crawler/real_estate/spiders/yungching.py", line 39, in parse
    item['city_name'], item['area'] = re.findall(r'\w{3}', item['address'])[:2]
ValueError: not enough values to unpack (expected 2, got 1)
2017-12-15 14:16:40 [scrapy.core.scraper] ERROR: Spider error processing <GET https://buy.yungching.com.tw/region/%E6%96%B0%E7%AB%B9%E5%B8%82_c/?pg=10> (referer: https://buy.yungching.com.tw/region/%E6%96%B0%E7%AB%B9%E5%B8%82_c/?pg=9)
Traceback (most recent call last):
  File "/Users/ylchen/.virtualenvs/sugar-apple/lib/python3.5/site-packages/scrapy/utils/defer.py", line 102, in iter_errback
    yield next(it)
  File "/Users/ylchen/.virtualenvs/sugar-apple/lib/python3.5/site-packages/scrapy/spidermiddlewares/offsite.py", line 29, in process_spider_output
    for x in result:
  File "/Users/ylchen/.virtualenvs/sugar-apple/lib/python3.5/site-packages/scrapy/spidermiddlewares/referer.py", line 339, in <genexpr>
    return (_set_referer(r) for r in result or ())
  File "/Users/ylchen/.virtualenvs/sugar-apple/lib/python3.5/site-packages/scrapy/spidermiddlewares/urllength.py", line 37, in <genexpr>
    return (r for r in result or () if _filter(r))
  File "/Users/ylchen/.virtualenvs/sugar-apple/lib/python3.5/site-packages/scrapy/spidermiddlewares/depth.py", line 58, in <genexpr>
    return (r for r in result or () if _filter(r))
  File "/Users/ylchen/workspace/projects/github/sugar-apple/apple/app/crawler/real_estate/spiders/yungching.py", line 39, in parse
    item['city_name'], item['area'] = re.findall(r'\w{3}', item['address'])[:2]
ValueError: not enough values to unpack (expected 2, got 1)
2017-12-15 14:22:00 [scrapy.core.scraper] ERROR: Spider error processing <GET https://buy.yungching.com.tw/region/%E5%8F%B0%E4%B8%AD%E5%B8%82_c/?pg=40> (referer: https://buy.yungching.com.tw/region/%E5%8F%B0%E4%B8%AD%E5%B8%82_c/?pg=39)
Traceback (most recent call last):
  File "/Users/ylchen/.virtualenvs/sugar-apple/lib/python3.5/site-packages/scrapy/utils/defer.py", line 102, in iter_errback
    yield next(it)
  File "/Users/ylchen/.virtualenvs/sugar-apple/lib/python3.5/site-packages/scrapy/spidermiddlewares/offsite.py", line 29, in process_spider_output
    for x in result:
  File "/Users/ylchen/.virtualenvs/sugar-apple/lib/python3.5/site-packages/scrapy/spidermiddlewares/referer.py", line 339, in <genexpr>
    return (_set_referer(r) for r in result or ())
  File "/Users/ylchen/.virtualenvs/sugar-apple/lib/python3.5/site-packages/scrapy/spidermiddlewares/urllength.py", line 37, in <genexpr>
    return (r for r in result or () if _filter(r))
  File "/Users/ylchen/.virtualenvs/sugar-apple/lib/python3.5/site-packages/scrapy/spidermiddlewares/depth.py", line 58, in <genexpr>
    return (r for r in result or () if _filter(r))
  File "/Users/ylchen/workspace/projects/github/sugar-apple/apple/app/crawler/real_estate/spiders/yungching.py", line 39, in parse
    item['city_name'], item['area'] = re.findall(r'\w{3}', item['address'])[:2]
ValueError: not enough values to unpack (expected 2, got 1)
2017-12-15 14:28:04 [scrapy.core.scraper] ERROR: Spider error processing <GET https://buy.yungching.com.tw/region/%E5%8F%B0%E5%8D%97%E5%B8%82_c/?pg=26> (referer: https://buy.yungching.com.tw/region/%E5%8F%B0%E5%8D%97%E5%B8%82_c/?pg=25)
Traceback (most recent call last):
  File "/Users/ylchen/.virtualenvs/sugar-apple/lib/python3.5/site-packages/scrapy/utils/defer.py", line 102, in iter_errback
    yield next(it)
  File "/Users/ylchen/.virtualenvs/sugar-apple/lib/python3.5/site-packages/scrapy/spidermiddlewares/offsite.py", line 29, in process_spider_output
    for x in result:
  File "/Users/ylchen/.virtualenvs/sugar-apple/lib/python3.5/site-packages/scrapy/spidermiddlewares/referer.py", line 339, in <genexpr>
    return (_set_referer(r) for r in result or ())
  File "/Users/ylchen/.virtualenvs/sugar-apple/lib/python3.5/site-packages/scrapy/spidermiddlewares/urllength.py", line 37, in <genexpr>
    return (r for r in result or () if _filter(r))
  File "/Users/ylchen/.virtualenvs/sugar-apple/lib/python3.5/site-packages/scrapy/spidermiddlewares/depth.py", line 58, in <genexpr>
    return (r for r in result or () if _filter(r))
  File "/Users/ylchen/workspace/projects/github/sugar-apple/apple/app/crawler/real_estate/spiders/yungching.py", line 39, in parse
    item['city_name'], item['area'] = re.findall(r'\w{3}', item['address'])[:2]
ValueError: not enough values to unpack (expected 2, got 1)
2017-12-15 15:04:31 [scrapy.core.scraper] ERROR: Spider error processing <GET https://buy.yungching.com.tw/region/%E5%98%89%E7%BE%A9%E5%B8%82_c/?pg=2> (referer: https://buy.yungching.com.tw/region/%E5%98%89%E7%BE%A9%E5%B8%82_c/?pg=1)
Traceback (most recent call last):
  File "/Users/ylchen/.virtualenvs/sugar-apple/lib/python3.5/site-packages/scrapy/utils/defer.py", line 102, in iter_errback
    yield next(it)
  File "/Users/ylchen/.virtualenvs/sugar-apple/lib/python3.5/site-packages/scrapy/spidermiddlewares/offsite.py", line 29, in process_spider_output
    for x in result:
  File "/Users/ylchen/.virtualenvs/sugar-apple/lib/python3.5/site-packages/scrapy/spidermiddlewares/referer.py", line 339, in <genexpr>
    return (_set_referer(r) for r in result or ())
  File "/Users/ylchen/.virtualenvs/sugar-apple/lib/python3.5/site-packages/scrapy/spidermiddlewares/urllength.py", line 37, in <genexpr>
    return (r for r in result or () if _filter(r))
  File "/Users/ylchen/.virtualenvs/sugar-apple/lib/python3.5/site-packages/scrapy/spidermiddlewares/depth.py", line 58, in <genexpr>
    return (r for r in result or () if _filter(r))
  File "/Users/ylchen/workspace/projects/github/sugar-apple/apple/app/crawler/real_estate/spiders/yungching.py", line 39, in parse
    item['city_name'], item['area'] = re.findall(r'\w{3}', item['address'])[:2]
ValueError: not enough values to unpack (expected 2, got 1)
2017-12-15 15:09:29 [scrapy.core.scraper] ERROR: Spider error processing <GET https://buy.yungching.com.tw/region/%E6%96%B0%E7%AB%B9%E5%B8%82_c/?pg=10> (referer: https://buy.yungching.com.tw/region/%E6%96%B0%E7%AB%B9%E5%B8%82_c/?pg=9)
Traceback (most recent call last):
  File "/Users/ylchen/.virtualenvs/sugar-apple/lib/python3.5/site-packages/scrapy/utils/defer.py", line 102, in iter_errback
    yield next(it)
  File "/Users/ylchen/.virtualenvs/sugar-apple/lib/python3.5/site-packages/scrapy/spidermiddlewares/offsite.py", line 29, in process_spider_output
    for x in result:
  File "/Users/ylchen/.virtualenvs/sugar-apple/lib/python3.5/site-packages/scrapy/spidermiddlewares/referer.py", line 339, in <genexpr>
    return (_set_referer(r) for r in result or ())
  File "/Users/ylchen/.virtualenvs/sugar-apple/lib/python3.5/site-packages/scrapy/spidermiddlewares/urllength.py", line 37, in <genexpr>
    return (r for r in result or () if _filter(r))
  File "/Users/ylchen/.virtualenvs/sugar-apple/lib/python3.5/site-packages/scrapy/spidermiddlewares/depth.py", line 58, in <genexpr>
    return (r for r in result or () if _filter(r))
  File "/Users/ylchen/workspace/projects/github/sugar-apple/apple/app/crawler/real_estate/spiders/yungching.py", line 39, in parse
    item['city_name'], item['area'] = re.findall(r'\w{3}', item['address'])[:2]
ValueError: not enough values to unpack (expected 2, got 1)
2017-12-15 15:18:09 [scrapy.core.scraper] ERROR: Spider error processing <GET https://buy.yungching.com.tw/region/%E5%8F%B0%E4%B8%AD%E5%B8%82_c/?pg=42> (referer: https://buy.yungching.com.tw/region/%E5%8F%B0%E4%B8%AD%E5%B8%82_c/?pg=41)
Traceback (most recent call last):
  File "/Users/ylchen/.virtualenvs/sugar-apple/lib/python3.5/site-packages/scrapy/utils/defer.py", line 102, in iter_errback
    yield next(it)
  File "/Users/ylchen/.virtualenvs/sugar-apple/lib/python3.5/site-packages/scrapy/spidermiddlewares/offsite.py", line 29, in process_spider_output
    for x in result:
  File "/Users/ylchen/.virtualenvs/sugar-apple/lib/python3.5/site-packages/scrapy/spidermiddlewares/referer.py", line 339, in <genexpr>
    return (_set_referer(r) for r in result or ())
  File "/Users/ylchen/.virtualenvs/sugar-apple/lib/python3.5/site-packages/scrapy/spidermiddlewares/urllength.py", line 37, in <genexpr>
    return (r for r in result or () if _filter(r))
  File "/Users/ylchen/.virtualenvs/sugar-apple/lib/python3.5/site-packages/scrapy/spidermiddlewares/depth.py", line 58, in <genexpr>
    return (r for r in result or () if _filter(r))
  File "/Users/ylchen/workspace/projects/github/sugar-apple/apple/app/crawler/real_estate/spiders/yungching.py", line 39, in parse
    item['city_name'], item['area'] = re.findall(r'\w{3}', item['address'])[:2]
ValueError: not enough values to unpack (expected 2, got 1)
2017-12-15 15:20:18 [scrapy.core.scraper] ERROR: Spider error processing <GET https://buy.yungching.com.tw/region/%E5%8F%B0%E5%8D%97%E5%B8%82_c/?pg=26> (referer: https://buy.yungching.com.tw/region/%E5%8F%B0%E5%8D%97%E5%B8%82_c/?pg=25)
Traceback (most recent call last):
  File "/Users/ylchen/.virtualenvs/sugar-apple/lib/python3.5/site-packages/scrapy/utils/defer.py", line 102, in iter_errback
    yield next(it)
  File "/Users/ylchen/.virtualenvs/sugar-apple/lib/python3.5/site-packages/scrapy/spidermiddlewares/offsite.py", line 29, in process_spider_output
    for x in result:
  File "/Users/ylchen/.virtualenvs/sugar-apple/lib/python3.5/site-packages/scrapy/spidermiddlewares/referer.py", line 339, in <genexpr>
    return (_set_referer(r) for r in result or ())
  File "/Users/ylchen/.virtualenvs/sugar-apple/lib/python3.5/site-packages/scrapy/spidermiddlewares/urllength.py", line 37, in <genexpr>
    return (r for r in result or () if _filter(r))
  File "/Users/ylchen/.virtualenvs/sugar-apple/lib/python3.5/site-packages/scrapy/spidermiddlewares/depth.py", line 58, in <genexpr>
    return (r for r in result or () if _filter(r))
  File "/Users/ylchen/workspace/projects/github/sugar-apple/apple/app/crawler/real_estate/spiders/yungching.py", line 39, in parse
    item['city_name'], item['area'] = re.findall(r'\w{3}', item['address'])[:2]
ValueError: not enough values to unpack (expected 2, got 1)
2017-12-15 15:59:25 [scrapy.core.scraper] ERROR: Spider error processing <GET https://buy.yungching.com.tw/region/%E5%98%89%E7%BE%A9%E5%B8%82_c/?pg=2> (referer: https://buy.yungching.com.tw/region/%E5%98%89%E7%BE%A9%E5%B8%82_c/?pg=1)
Traceback (most recent call last):
  File "/Users/ylchen/.virtualenvs/sugar-apple/lib/python3.5/site-packages/scrapy/utils/defer.py", line 102, in iter_errback
    yield next(it)
  File "/Users/ylchen/.virtualenvs/sugar-apple/lib/python3.5/site-packages/scrapy/spidermiddlewares/offsite.py", line 29, in process_spider_output
    for x in result:
  File "/Users/ylchen/.virtualenvs/sugar-apple/lib/python3.5/site-packages/scrapy/spidermiddlewares/referer.py", line 339, in <genexpr>
    return (_set_referer(r) for r in result or ())
  File "/Users/ylchen/.virtualenvs/sugar-apple/lib/python3.5/site-packages/scrapy/spidermiddlewares/urllength.py", line 37, in <genexpr>
    return (r for r in result or () if _filter(r))
  File "/Users/ylchen/.virtualenvs/sugar-apple/lib/python3.5/site-packages/scrapy/spidermiddlewares/depth.py", line 58, in <genexpr>
    return (r for r in result or () if _filter(r))
  File "/Users/ylchen/workspace/projects/github/sugar-apple/apple/app/crawler/real_estate/spiders/yungching.py", line 39, in parse
    item['city_name'], item['area'] = re.findall(r'\w{3}', item['address'])[:2]
ValueError: not enough values to unpack (expected 2, got 1)
2017-12-15 16:06:43 [scrapy.core.scraper] ERROR: Spider error processing <GET https://buy.yungching.com.tw/region/%E6%96%B0%E7%AB%B9%E5%B8%82_c/?pg=10> (referer: https://buy.yungching.com.tw/region/%E6%96%B0%E7%AB%B9%E5%B8%82_c/?pg=9)
Traceback (most recent call last):
  File "/Users/ylchen/.virtualenvs/sugar-apple/lib/python3.5/site-packages/scrapy/utils/defer.py", line 102, in iter_errback
    yield next(it)
  File "/Users/ylchen/.virtualenvs/sugar-apple/lib/python3.5/site-packages/scrapy/spidermiddlewares/offsite.py", line 29, in process_spider_output
    for x in result:
  File "/Users/ylchen/.virtualenvs/sugar-apple/lib/python3.5/site-packages/scrapy/spidermiddlewares/referer.py", line 339, in <genexpr>
    return (_set_referer(r) for r in result or ())
  File "/Users/ylchen/.virtualenvs/sugar-apple/lib/python3.5/site-packages/scrapy/spidermiddlewares/urllength.py", line 37, in <genexpr>
    return (r for r in result or () if _filter(r))
  File "/Users/ylchen/.virtualenvs/sugar-apple/lib/python3.5/site-packages/scrapy/spidermiddlewares/depth.py", line 58, in <genexpr>
    return (r for r in result or () if _filter(r))
  File "/Users/ylchen/workspace/projects/github/sugar-apple/apple/app/crawler/real_estate/spiders/yungching.py", line 39, in parse
    item['city_name'], item['area'] = re.findall(r'\w{3}', item['address'])[:2]
ValueError: not enough values to unpack (expected 2, got 1)
2017-12-15 16:30:14 [scrapy.core.scraper] ERROR: Error downloading <GET https://buy.yungching.com.tw/region/%E6%96%B0%E5%8C%97%E5%B8%82_c/?pg=97>: No route to host: 51: Network is unreachable.
2017-12-15 16:30:14 [scrapy.core.scraper] ERROR: Error downloading <GET https://buy.yungching.com.tw/region/%E6%96%B0%E7%AB%B9%E7%B8%A3_c/?pg=31>: No route to host: 51: Network is unreachable.
2017-12-15 16:30:15 [scrapy.core.scraper] ERROR: Error downloading <GET https://buy.yungching.com.tw/region/%E6%A1%83%E5%9C%92%E5%B8%82_c/?pg=1>: No route to host: 51: Network is unreachable.
2017-12-15 16:30:16 [scrapy.core.scraper] ERROR: Error downloading <GET https://buy.yungching.com.tw/region/%E6%BE%8E%E6%B9%96%E7%B8%A3_c/?pg=1>: No route to host: 51: Network is unreachable.
2017-12-15 16:30:17 [scrapy.core.scraper] ERROR: Error downloading <GET https://buy.yungching.com.tw/region/%E5%8F%B0%E4%B8%AD%E5%B8%82_c/?pg=1>: No route to host: 51: Network is unreachable.
2017-12-15 16:30:18 [scrapy.core.scraper] ERROR: Error downloading <GET https://buy.yungching.com.tw/region/%E5%8F%B0%E5%8C%97%E5%B8%82_c/?pg=1>: No route to host: 51: Network is unreachable.
2017-12-15 16:30:19 [scrapy.core.scraper] ERROR: Error downloading <GET https://buy.yungching.com.tw/region/%E5%8F%B0%E5%8D%97%E5%B8%82_c/?pg=1>: No route to host: 51: Network is unreachable.
2017-12-15 16:30:20 [scrapy.core.scraper] ERROR: Error downloading <GET https://buy.yungching.com.tw/region/%E5%8F%B0%E6%9D%B1%E7%B8%A3_c/?pg=1>: No route to host: 51: Network is unreachable.
2017-12-15 16:30:21 [scrapy.core.scraper] ERROR: Error downloading <GET https://buy.yungching.com.tw/region/%E8%8A%B1%E8%93%AE%E7%B8%A3_c/?pg=1>: No route to host: 51: Network is unreachable.
2017-12-15 16:30:22 [scrapy.core.scraper] ERROR: Error downloading <GET https://buy.yungching.com.tw/region/%E8%8B%97%E6%A0%97%E7%B8%A3_c/?pg=1>: No route to host: 51: Network is unreachable.
2017-12-15 16:30:23 [scrapy.core.scraper] ERROR: Error downloading <GET https://buy.yungching.com.tw/region/%E9%87%91%E9%96%80%E7%B8%A3_c/?pg=1>: No route to host: 51: Network is unreachable.
2017-12-15 16:30:25 [scrapy.core.scraper] ERROR: Error downloading <GET https://buy.yungching.com.tw/region/%E9%9B%B2%E6%9E%97%E7%B8%A3_c/?pg=1>: No route to host: 51: Network is unreachable.
2017-12-15 16:30:26 [scrapy.core.scraper] ERROR: Error downloading <GET https://buy.yungching.com.tw/region/%E9%AB%98%E9%9B%84%E5%B8%82_c/?pg=1>: No route to host: 51: Network is unreachable.
